2019-05-16 18:11:52,491 INFO  [Log4j] ***************************************************************************************************** 
2019-05-16 18:11:52,492 INFO  [Log4j] XXXXXXXXXXXXXXXXXXXXXXX                  -S-T-A-R-T-                 XXXXXXXXXXXXXXXXXXXXXX 
2019-05-16 18:11:52,492 INFO  [Log4j] XXXXXXXXXXXXXXXXXXXXXXX           HOME PAGE           XXXXXXXXXXXXXXXXXXXXXX 
2019-05-16 18:12:30,814 INFO  [Log4j] Verify that user edit profile  
2019-05-16 18:12:59,755 INFO  [Log4j] User Profile 
2019-05-16 18:13:10,016 INFO  [Log4j] XXXXXXXXXXXXXXXXXXXXXXX                 -E---N---D-                  XXXXXXXXXXXXXXXXXXXXXX 
2019-05-16 18:13:10,016 INFO  [Log4j] ***************************************************************************************************** 
2019-05-16 18:36:20,769 INFO  [Log4j] ***************************************************************************************************** 
2019-05-16 18:36:20,770 INFO  [Log4j] XXXXXXXXXXXXXXXXXXXXXXX                  -S-T-A-R-T-                 XXXXXXXXXXXXXXXXXXXXXX 
2019-05-16 18:36:20,770 INFO  [Log4j] XXXXXXXXXXXXXXXXXXXXXXX           HOME PAGE           XXXXXXXXXXXXXXXXXXXXXX 
2019-05-16 18:36:56,452 INFO  [Log4j] Verify that user edit profile  
2019-05-16 18:37:24,211 INFO  [Log4j] User Profile 
2019-05-16 18:38:09,271 INFO  [Log4j] ***************************************************************************************************** 
2019-05-16 18:38:09,271 INFO  [Log4j] XXXXXXXXXXXXXXXXXXXXXXX                  -S-T-A-R-T-                 XXXXXXXXXXXXXXXXXXXXXX 
2019-05-16 18:38:09,271 INFO  [Log4j] XXXXXXXXXXXXXXXXXXXXXXX           HOME PAGE           XXXXXXXXXXXXXXXXXXXXXX 
2019-05-16 18:38:33,592 INFO  [Log4j] ***************************************************************************************************** 
2019-05-16 18:38:33,592 INFO  [Log4j] XXXXXXXXXXXXXXXXXXXXXXX                  -S-T-A-R-T-                 XXXXXXXXXXXXXXXXXXXXXX 
2019-05-16 18:38:33,592 INFO  [Log4j] XXXXXXXXXXXXXXXXXXXXXXX           HOME PAGE           XXXXXXXXXXXXXXXXXXXXXX 
2019-05-16 18:39:06,397 INFO  [Log4j] Verify that user edit profile  
2019-05-16 18:39:34,583 INFO  [Log4j] User Profile 
2019-05-16 18:39:44,376 INFO  [Log4j] XXXXXXXXXXXXXXXXXXXXXXX                 -E---N---D-                  XXXXXXXXXXXXXXXXXXXXXX 
2019-05-16 18:39:44,376 INFO  [Log4j] ***************************************************************************************************** 
2019-05-16 18:40:24,709 INFO  [Log4j] ***************************************************************************************************** 
2019-05-16 18:40:24,709 INFO  [Log4j] XXXXXXXXXXXXXXXXXXXXXXX                  -S-T-A-R-T-                 XXXXXXXXXXXXXXXXXXXXXX 
2019-05-16 18:40:24,709 INFO  [Log4j] XXXXXXXXXXXXXXXXXXXXXXX           HOME PAGE           XXXXXXXXXXXXXXXXXXXXXX 
2019-05-16 18:41:00,768 INFO  [Log4j] Verify that user edit profile  
2019-05-16 18:41:30,123 INFO  [Log4j] User Profile 
2019-05-16 18:41:39,762 INFO  [Log4j] XXXXXXXXXXXXXXXXXXXXXXX                 -E---N---D-                  XXXXXXXXXXXXXXXXXXXXXX 
2019-05-16 18:41:39,763 INFO  [Log4j] ***************************************************************************************************** 
2019-05-16 18:42:31,283 INFO  [Log4j] ***************************************************************************************************** 
2019-05-16 18:42:31,284 INFO  [Log4j] XXXXXXXXXXXXXXXXXXXXXXX                  -S-T-A-R-T-                 XXXXXXXXXXXXXXXXXXXXXX 
2019-05-16 18:42:31,284 INFO  [Log4j] XXXXXXXXXXXXXXXXXXXXXXX           HOME PAGE           XXXXXXXXXXXXXXXXXXXXXX 
2019-05-16 18:43:28,112 INFO  [Log4j] Verify that user edit profile  
2019-05-16 18:43:56,733 INFO  [Log4j] User Profile 
2019-05-16 18:44:07,633 INFO  [Log4j] XXXXXXXXXXXXXXXXXXXXXXX                 -E---N---D-                  XXXXXXXXXXXXXXXXXXXXXX 
2019-05-16 18:44:07,634 INFO  [Log4j] ***************************************************************************************************** 
2019-05-16 20:37:08,420 INFO  [Log4j] ***************************************************************************************************** 
2019-05-16 20:37:08,420 INFO  [Log4j] XXXXXXXXXXXXXXXXXXXXXXX                  -S-T-A-R-T-                 XXXXXXXXXXXXXXXXXXXXXX 
2019-05-16 20:37:08,420 INFO  [Log4j] XXXXXXXXXXXXXXXXXXXXXXX           HOME PAGE           XXXXXXXXXXXXXXXXXXXXXX 
2019-05-16 20:37:48,458 INFO  [Log4j] Verify that user edit profile  
2019-05-16 20:38:09,128 INFO  [Log4j] XXXXXXXXXXXXXXXXXXXXXXX                 -E---N---D-                  XXXXXXXXXXXXXXXXXXXXXX 
2019-05-16 20:38:09,128 INFO  [Log4j] ***************************************************************************************************** 
2019-05-16 20:39:04,752 INFO  [Log4j] ***************************************************************************************************** 
2019-05-16 20:39:04,752 INFO  [Log4j] XXXXXXXXXXXXXXXXXXXXXXX                  -S-T-A-R-T-                 XXXXXXXXXXXXXXXXXXXXXX 
2019-05-16 20:39:04,752 INFO  [Log4j] XXXXXXXXXXXXXXXXXXXXXXX           HOME PAGE           XXXXXXXXXXXXXXXXXXXXXX 
2019-05-16 20:39:44,544 INFO  [Log4j] Verify that user edit profile  
2019-05-16 20:40:14,984 INFO  [Log4j] User Profile 
2019-05-16 20:40:26,198 INFO  [Log4j] XXXXXXXXXXXXXXXXXXXXXXX                 -E---N---D-                  XXXXXXXXXXXXXXXXXXXXXX 
2019-05-16 20:40:26,199 INFO  [Log4j] ***************************************************************************************************** 
2019-05-17 11:31:50,858 INFO  [Log4j] ***************************************************************************************************** 
2019-05-17 11:31:50,859 INFO  [Log4j] XXXXXXXXXXXXXXXXXXXXXXX                  -S-T-A-R-T-                 XXXXXXXXXXXXXXXXXXXXXX 
2019-05-17 11:31:50,859 INFO  [Log4j] XXXXXXXXXXXXXXXXXXXXXXX           HOME PAGE           XXXXXXXXXXXXXXXXXXXXXX 
2019-05-17 11:32:34,868 INFO  [Log4j] Verify that user edit profile  
2019-05-17 11:33:03,334 INFO  [Log4j] User Profile 
2019-05-17 11:33:17,374 INFO  [Log4j] XXXXXXXXXXXXXXXXXXXXXXX                 -E---N---D-                  XXXXXXXXXXXXXXXXXXXXXX 
2019-05-17 11:33:17,374 INFO  [Log4j] ***************************************************************************************************** 
2019-05-17 12:50:20,935 INFO  [Log4j] ***************************************************************************************************** 
2019-05-17 12:50:20,936 INFO  [Log4j] XXXXXXXXXXXXXXXXXXXXXXX                  -S-T-A-R-T-                 XXXXXXXXXXXXXXXXXXXXXX 
2019-05-17 12:50:20,936 INFO  [Log4j] XXXXXXXXXXXXXXXXXXXXXXX           HOME PAGE           XXXXXXXXXXXXXXXXXXXXXX 
2019-05-17 12:51:00,519 INFO  [Log4j] TEST CASE - 4 : Verify that user able to do log Out from application 
2019-05-17 12:51:00,767 INFO  [Log4j] Verify that user edit profile  
2019-05-17 12:51:00,827 INFO  [Log4j] XXXXXXXXXXXXXXXXXXXXXXX                 -E---N---D-                  XXXXXXXXXXXXXXXXXXXXXX 
2019-05-17 12:51:00,827 INFO  [Log4j] ***************************************************************************************************** 
2019-05-17 12:51:31,364 INFO  [Log4j] ***************************************************************************************************** 
2019-05-17 12:51:31,365 INFO  [Log4j] XXXXXXXXXXXXXXXXXXXXXXX                  -S-T-A-R-T-                 XXXXXXXXXXXXXXXXXXXXXX 
2019-05-17 12:51:31,365 INFO  [Log4j] XXXXXXXXXXXXXXXXXXXXXXX           HOME PAGE           XXXXXXXXXXXXXXXXXXXXXX 
2019-05-17 12:57:03,403 INFO  [Log4j] ***************************************************************************************************** 
2019-05-17 12:57:03,404 INFO  [Log4j] XXXXXXXXXXXXXXXXXXXXXXX                  -S-T-A-R-T-                 XXXXXXXXXXXXXXXXXXXXXX 
2019-05-17 12:57:03,404 INFO  [Log4j] XXXXXXXXXXXXXXXXXXXXXXX           HOME PAGE           XXXXXXXXXXXXXXXXXXXXXX 
2019-05-17 12:57:41,873 INFO  [Log4j] TEST CASE - 4 : Verify that user able to do log Out from application 
2019-05-17 12:58:07,642 INFO  [Log4j] XXXXXXXXXXXXXXXXXXXXXXX                 -E---N---D-                  XXXXXXXXXXXXXXXXXXXXXX 
2019-05-17 12:58:07,642 INFO  [Log4j] ***************************************************************************************************** 
2019-05-17 12:59:42,880 INFO  [Log4j] ***************************************************************************************************** 
2019-05-17 12:59:42,881 INFO  [Log4j] XXXXXXXXXXXXXXXXXXXXXXX                  -S-T-A-R-T-                 XXXXXXXXXXXXXXXXXXXXXX 
2019-05-17 12:59:42,881 INFO  [Log4j] XXXXXXXXXXXXXXXXXXXXXXX           HOME PAGE           XXXXXXXXXXXXXXXXXXXXXX 
2019-05-17 13:00:55,059 INFO  [Log4j] TEST CASE - 4 : Verify that user able to do log Out from application 
2019-05-17 13:12:38,574 INFO  [Log4j] XXXXXXXXXXXXXXXXXXXXXXX                 -E---N---D-                  XXXXXXXXXXXXXXXXXXXXXX 
2019-05-17 13:12:38,575 INFO  [Log4j] ***************************************************************************************************** 
2019-05-17 13:14:25,153 INFO  [Log4j] ***************************************************************************************************** 
2019-05-17 13:14:25,154 INFO  [Log4j] XXXXXXXXXXXXXXXXXXXXXXX                  -S-T-A-R-T-                 XXXXXXXXXXXXXXXXXXXXXX 
2019-05-17 13:14:25,154 INFO  [Log4j] XXXXXXXXXXXXXXXXXXXXXXX           HOME PAGE           XXXXXXXXXXXXXXXXXXXXXX 
2019-05-17 13:15:01,225 INFO  [Log4j] TEST CASE - 4 : Verify that user able to do log Out from application 
2019-05-17 13:15:35,505 INFO  [Log4j] XXXXXXXXXXXXXXXXXXXXXXX                 -E---N---D-                  XXXXXXXXXXXXXXXXXXXXXX 
2019-05-17 13:15:35,506 INFO  [Log4j] ***************************************************************************************************** 
2019-05-17 13:16:47,429 INFO  [Log4j] ***************************************************************************************************** 
2019-05-17 13:16:47,430 INFO  [Log4j] XXXXXXXXXXXXXXXXXXXXXXX                  -S-T-A-R-T-                 XXXXXXXXXXXXXXXXXXXXXX 
2019-05-17 13:16:47,430 INFO  [Log4j] XXXXXXXXXXXXXXXXXXXXXXX           HOME PAGE           XXXXXXXXXXXXXXXXXXXXXX 
2019-05-17 13:17:23,698 INFO  [Log4j] TEST CASE - 4 : Verify that user able to do log Out from application 
2019-05-17 13:17:48,902 INFO  [Log4j] XXXXXXXXXXXXXXXXXXXXXXX                 -E---N---D-                  XXXXXXXXXXXXXXXXXXXXXX 
2019-05-17 13:17:48,903 INFO  [Log4j] ***************************************************************************************************** 
2019-05-17 13:20:56,498 INFO  [Log4j] ***************************************************************************************************** 
2019-05-17 13:20:56,499 INFO  [Log4j] XXXXXXXXXXXXXXXXXXXXXXX                  -S-T-A-R-T-                 XXXXXXXXXXXXXXXXXXXXXX 
2019-05-17 13:20:56,499 INFO  [Log4j] XXXXXXXXXXXXXXXXXXXXXXX           HOME PAGE           XXXXXXXXXXXXXXXXXXXXXX 
2019-05-17 13:21:33,788 INFO  [Log4j] TEST CASE - 4 : Verify that user able to do log Out from application 
2019-05-17 13:21:59,181 INFO  [Log4j] XXXXXXXXXXXXXXXXXXXXXXX                 -E---N---D-                  XXXXXXXXXXXXXXXXXXXXXX 
2019-05-17 13:21:59,181 INFO  [Log4j] ***************************************************************************************************** 
2019-05-17 13:22:54,419 INFO  [Log4j] ***************************************************************************************************** 
2019-05-17 13:22:54,420 INFO  [Log4j] XXXXXXXXXXXXXXXXXXXXXXX                  -S-T-A-R-T-                 XXXXXXXXXXXXXXXXXXXXXX 
2019-05-17 13:22:54,420 INFO  [Log4j] XXXXXXXXXXXXXXXXXXXXXXX           HOME PAGE           XXXXXXXXXXXXXXXXXXXXXX 
2019-05-17 13:23:28,691 INFO  [Log4j] TEST CASE - 4 : Verify that user able to do log Out from application 
2019-05-17 13:26:44,970 INFO  [Log4j] XXXXXXXXXXXXXXXXXXXXXXX                 -E---N---D-                  XXXXXXXXXXXXXXXXXXXXXX 
2019-05-17 13:26:44,970 INFO  [Log4j] ***************************************************************************************************** 
2019-06-17 16:11:38,679 INFO  [Log4j] ***************************************************************************************************** 
2019-06-17 16:11:38,747 INFO  [Log4j] XXXXXXXXXXXXXXXXXXXXXXX                  -S-T-A-R-T-                 XXXXXXXXXXXXXXXXXXXXXX 
2019-06-17 16:11:38,747 INFO  [Log4j] XXXXXXXXXXXXXXXXXXXXXXX           Entity Registration Form           XXXXXXXXXXXXXXXXXXXXXX 
2019-06-17 16:11:38,767 INFO  [Log4j] Entity Registration from to create new entity 
2019-06-17 16:12:06,434 INFO  [Log4j] XXXXXXXXXXXXXXXXXXXXXXX                 -E---N---D-                  XXXXXXXXXXXXXXXXXXXXXX 
2019-06-17 16:12:06,434 INFO  [Log4j] ***************************************************************************************************** 
2019-06-17 16:13:01,659 INFO  [Log4j] ***************************************************************************************************** 
2019-06-17 16:13:01,660 INFO  [Log4j] XXXXXXXXXXXXXXXXXXXXXXX                  -S-T-A-R-T-                 XXXXXXXXXXXXXXXXXXXXXX 
2019-06-17 16:13:01,660 INFO  [Log4j] XXXXXXXXXXXXXXXXXXXXXXX           HOME PAGE           XXXXXXXXXXXXXXXXXXXXXX 
2019-06-17 16:13:13,465 INFO  [Log4j] Verify that user edit profile  
2019-06-17 16:13:13,916 INFO  [Log4j] Verify that Element visible to HomePage Landing page 
2019-06-17 16:13:13,957 INFO  [Log4j] TEST CASE - 4 : Verify that user able to do log Out from application 
2019-06-17 16:13:13,986 INFO  [Log4j] Verify that user edit profile  
2019-06-17 16:13:14,025 INFO  [Log4j] Verify that Last Logged-in info displayed 
2019-06-17 16:13:14,055 INFO  [Log4j] Verify that user profile info 
2019-06-17 16:13:14,087 INFO  [Log4j] XXXXXXXXXXXXXXXXXXXXXXX                 -E---N---D-                  XXXXXXXXXXXXXXXXXXXXXX 
2019-06-17 16:13:14,087 INFO  [Log4j] ***************************************************************************************************** 
2019-06-17 16:16:28,149 INFO  [Log4j] ***************************************************************************************************** 
2019-06-17 16:16:28,150 INFO  [Log4j] XXXXXXXXXXXXXXXXXXXXXXX                  -S-T-A-R-T-                 XXXXXXXXXXXXXXXXXXXXXX 
2019-06-17 16:16:28,150 INFO  [Log4j] XXXXXXXXXXXXXXXXXXXXXXX           HOME PAGE           XXXXXXXXXXXXXXXXXXXXXX 
2019-06-17 16:16:39,859 INFO  [Log4j] Verify that user edit profile  
2019-06-17 16:17:18,768 INFO  [Log4j] Verify that Element visible to HomePage Landing page 
2019-06-17 16:17:21,780 INFO  [Log4j] TEST CASE - 4 : Verify that user able to do log Out from application 
2019-06-17 16:17:24,793 INFO  [Log4j] Verify that user edit profile  
2019-06-17 16:17:27,804 INFO  [Log4j] Verify that Last Logged-in info displayed 
2019-06-17 16:17:30,818 INFO  [Log4j] Verify that user profile info 
2019-06-17 16:17:33,841 INFO  [Log4j] XXXXXXXXXXXXXXXXXXXXXXX                 -E---N---D-                  XXXXXXXXXXXXXXXXXXXXXX 
2019-06-17 16:17:33,841 INFO  [Log4j] ***************************************************************************************************** 
2019-06-17 16:18:51,861 INFO  [Log4j] **************************************************************************************** 
2019-06-17 16:18:51,861 INFO  [Log4j] XXXXXXXXXXXXXXXXXXXXXXX           -S-T-A-R-T-           XXXXXXXXXXXXXXXXXXXXXX 
2019-06-17 16:19:07,027 INFO  [Log4j]  Verify that User able to change forget password. 
2019-06-17 16:19:07,134 INFO  [Log4j] Forget password link for the user to reset password 
2019-06-17 16:19:29,828 INFO  [Log4j] Password reset URL sent on your Email 
2019-06-17 16:19:30,105 INFO  [Log4j] Verify that user able to navigate Home & User Registration and then Back to Login 
2019-06-17 16:19:32,783 INFO  [Log4j] User Registration Form 
2019-06-17 16:19:35,272 INFO  [Log4j] Cyber Safe 
2019-06-17 16:19:35,277 INFO  [Log4j] Verify that user able to navigate Home & Entity Registration and then Back to Login 
2019-06-17 16:19:36,012 INFO  [Log4j] Entity Registration Form 
2019-06-17 16:19:43,262 INFO  [Log4j] Cyber Safe 
2019-06-17 16:19:43,266 INFO  [Log4j] Verify that Address(URL) of the application 
2019-06-17 16:19:43,278 INFO  [Log4j] Cyber Safe 
2019-06-17 16:19:43,281 INFO  [Log4j]  Verify that logo is enabled and displayed 
2019-06-17 16:19:43,340 INFO  [Log4j] TEST CASE - 5 : Verify that footers at login page 
2019-06-17 16:19:56,496 INFO  [Log4j] XXXXXXXXXXXXXXXXXXXXXXX           -E---N---D-           XXXXXXXXXXXXXXXXXXXXXX 
2019-06-17 16:19:56,496 INFO  [Log4j] **************************************************************************************** 
2019-06-23 12:35:09,836 INFO  [Log4j] ***************************************************************************************************** 
2019-06-23 12:35:09,863 INFO  [Log4j] XXXXXXXXXXXXXXXXXXXXXXX                  -S-T-A-R-T-                 XXXXXXXXXXXXXXXXXXXXXX 
2019-06-23 12:35:09,863 INFO  [Log4j] XXXXXXXXXXXXXXXXXXXXXXX           Entity Registration Form           XXXXXXXXXXXXXXXXXXXXXX 
2019-06-23 12:35:09,888 INFO  [Log4j] Entity Registration from to create new entity 
2019-07-10 13:01:16,843 INFO  [Log4j] ***************************************************************************************************** 
2019-07-10 13:01:16,974 INFO  [Log4j] XXXXXXXXXXXXXXXXXXXXXXX                  -S-T-A-R-T-                 XXXXXXXXXXXXXXXXXXXXXX 
2019-07-10 13:01:16,974 INFO  [Log4j] XXXXXXXXXXXXXXXXXXXXXXX           Entity Registration Form           XXXXXXXXXXXXXXXXXXXXXX 
2019-07-10 13:01:16,985 INFO  [Log4j] ***************************************************************************************************** 
2019-07-10 13:01:16,985 INFO  [Log4j] XXXXXXXXXXXXXXXXXXXXXXX                  -S-T-A-R-T-                 XXXXXXXXXXXXXXXXXXXXXX 
2019-07-10 13:01:16,985 INFO  [Log4j] XXXXXXXXXXXXXXXXXXXXXXX           HOME PAGE           XXXXXXXXXXXXXXXXXXXXXX 
2019-07-10 13:01:56,129 INFO  [Log4j] **************************************************************************************** 
2019-07-10 13:01:56,129 INFO  [Log4j] XXXXXXXXXXXXXXXXXXXXXXX           -S-T-A-R-T-           XXXXXXXXXXXXXXXXXXXXXX 
2019-07-10 13:02:13,255 INFO  [Log4j] Entity Registration from to create new entity 
2019-07-10 13:03:45,926 INFO  [Log4j] Verify that user edit profile  
2019-07-10 13:03:49,094 INFO  [Log4j] Verify that Element visible to HomePage Landing page 
2019-07-10 13:03:52,108 INFO  [Log4j] TEST CASE - 4 : Verify that user able to do log Out from application 
2019-07-10 13:03:55,122 INFO  [Log4j] Verify that user edit profile  
2019-07-10 13:03:58,141 INFO  [Log4j] Verify that Last Logged-in info displayed 
2019-07-10 13:04:01,154 INFO  [Log4j] Verify that user profile info 
2019-07-10 13:04:04,170 INFO  [Log4j] Verify that the Level 1 CYS user able to login  
2019-07-10 13:04:07,189 INFO  [Log4j] Verify that the Level 2 CYS user able to login  
2019-07-10 13:04:10,222 INFO  [Log4j] Verify that the Level 2 ECO user able to login  
2019-07-10 13:04:13,234 INFO  [Log4j] Verify that the Level 2 LEA user able to login  
2019-07-10 13:04:16,243 INFO  [Log4j] Verify that the Level 2 MER user able to login  
2019-07-10 13:04:19,256 INFO  [Log4j] Verify that the Level 2 PPI user able to login  
2019-07-10 13:04:22,268 INFO  [Log4j] Verify that the Level 2 PYG user able to login  
2019-07-10 13:04:25,281 INFO  [Log4j] Verify that the Level 3 CYS user able to login  
2019-07-10 13:04:28,292 INFO  [Log4j] Verify that the Level 3 ECO user able to login  
2019-07-10 13:04:31,303 INFO  [Log4j] Verify that the Level 3 LEA user able to login  
2019-07-10 13:04:34,314 INFO  [Log4j] Verify that the Level 3 MER user able to login  
2019-07-10 13:04:37,323 INFO  [Log4j] Verify that the Level 3 PPI user able to login  
2019-07-10 13:04:40,333 INFO  [Log4j] Verify that the Level 3 PYG user able to login  
2019-07-10 13:04:43,352 INFO  [Log4j] XXXXXXXXXXXXXXXXXXXXXXX                 -E---N---D-                  XXXXXXXXXXXXXXXXXXXXXX 
2019-07-10 13:04:43,352 INFO  [Log4j] ***************************************************************************************************** 
2019-07-10 13:08:58,357 INFO  [Log4j] ***************************************************************************************************** 
2019-07-10 13:08:58,357 INFO  [Log4j] XXXXXXXXXXXXXXXXXXXXXXX                  -S-T-A-R-T-                 XXXXXXXXXXXXXXXXXXXXXX 
2019-07-10 13:08:58,357 INFO  [Log4j] XXXXXXXXXXXXXXXXXXXXXXX           HOME PAGE           XXXXXXXXXXXXXXXXXXXXXX 
2019-07-10 13:09:19,619 INFO  [Log4j] Verify that user edit profile  
2019-07-10 13:14:44,432 INFO  [Log4j] Verify that Element visible to HomePage Landing page 
2019-07-10 13:14:47,454 INFO  [Log4j] TEST CASE - 4 : Verify that user able to do log Out from application 
2019-07-10 13:14:50,476 INFO  [Log4j] Verify that user edit profile  
2019-07-10 13:14:53,488 INFO  [Log4j] Verify that Last Logged-in info displayed 
2019-07-10 13:14:56,496 INFO  [Log4j] Verify that user profile info 
2019-07-10 13:14:59,518 INFO  [Log4j] XXXXXXXXXXXXXXXXXXXXXXX                 -E---N---D-                  XXXXXXXXXXXXXXXXXXXXXX 
2019-07-10 13:14:59,518 INFO  [Log4j] ***************************************************************************************************** 
2019-07-10 13:25:36,973 INFO  [Log4j] ***************************************************************************************************** 
2019-07-10 13:25:36,974 INFO  [Log4j] XXXXXXXXXXXXXXXXXXXXXXX                  -S-T-A-R-T-                 XXXXXXXXXXXXXXXXXXXXXX 
2019-07-10 13:25:36,974 INFO  [Log4j] XXXXXXXXXXXXXXXXXXXXXXX           HOME PAGE           XXXXXXXXXXXXXXXXXXXXXX 
2019-07-10 13:25:48,328 INFO  [Log4j] Verify that Element visible to HomePage Landing page 
2019-07-10 13:26:11,742 INFO  [Log4j] XXXXXXXXXXXXXXXXXXXXXXX                 -E---N---D-                  XXXXXXXXXXXXXXXXXXXXXX 
2019-07-10 13:26:11,742 INFO  [Log4j] ***************************************************************************************************** 
2019-07-10 13:26:42,457 INFO  [Log4j] ***************************************************************************************************** 
2019-07-10 13:26:42,458 INFO  [Log4j] XXXXXXXXXXXXXXXXXXXXXXX                  -S-T-A-R-T-                 XXXXXXXXXXXXXXXXXXXXXX 
2019-07-10 13:26:42,458 INFO  [Log4j] XXXXXXXXXXXXXXXXXXXXXXX           HOME PAGE           XXXXXXXXXXXXXXXXXXXXXX 
2019-07-10 13:26:50,070 INFO  [Log4j] Verify that Element visible to HomePage Landing page 
2019-07-10 13:27:27,022 INFO  [Log4j] XXXXXXXXXXXXXXXXXXXXXXX                 -E---N---D-                  XXXXXXXXXXXXXXXXXXXXXX 
2019-07-10 13:27:27,022 INFO  [Log4j] ***************************************************************************************************** 
2019-07-10 13:29:16,520 INFO  [Log4j] ***************************************************************************************************** 
2019-07-10 13:29:16,521 INFO  [Log4j] XXXXXXXXXXXXXXXXXXXXXXX                  -S-T-A-R-T-                 XXXXXXXXXXXXXXXXXXXXXX 
2019-07-10 13:29:16,521 INFO  [Log4j] XXXXXXXXXXXXXXXXXXXXXXX           Entity Registration Form           XXXXXXXXXXXXXXXXXXXXXX 
2019-07-10 13:29:16,542 INFO  [Log4j] Entity Registration from to create new entity 
2019-07-10 13:29:30,255 INFO  [Log4j] XXXXXXXXXXXXXXXXXXXXXXX                 -E---N---D-                  XXXXXXXXXXXXXXXXXXXXXX 
2019-07-10 13:29:30,255 INFO  [Log4j] ***************************************************************************************************** 
2019-07-10 13:32:01,114 INFO  [Log4j] **************************************************************************************** 
2019-07-10 13:32:01,115 INFO  [Log4j] XXXXXXXXXXXXXXXXXXXXXXX           -S-T-A-R-T-           XXXXXXXXXXXXXXXXXXXXXX 
2019-07-10 13:32:12,553 INFO  [Log4j]  Verify that User able to change forget password. 
2019-07-10 13:32:12,630 INFO  [Log4j] Forget password link for the user to reset password 
2019-07-10 13:32:36,454 INFO  [Log4j] Password reset URL sent on your Email 
2019-07-10 13:32:36,828 INFO  [Log4j] Verify that user able to navigate Home & User Registration and then Back to Login 
2019-07-10 13:32:39,359 INFO  [Log4j] User Registration Form 
2019-07-10 13:32:41,760 INFO  [Log4j] Cyber Safe 
2019-07-10 13:32:41,760 INFO  [Log4j] Verify that user able to navigate Home & Entity Registration and then Back to Login 
2019-07-10 13:32:42,913 INFO  [Log4j] Entity Registration Form 
2019-07-10 13:32:44,682 INFO  [Log4j] Cyber Safe 
2019-07-10 13:32:44,685 INFO  [Log4j] Verify that Address(URL) of the application 
2019-07-10 13:32:44,691 INFO  [Log4j] Cyber Safe 
2019-07-10 13:32:44,692 INFO  [Log4j]  Verify that logo is enabled and displayed 
2019-07-10 13:32:44,753 INFO  [Log4j] TEST CASE - 5 : Verify that footers at login page 
2019-07-10 13:32:54,949 INFO  [Log4j] XXXXXXXXXXXXXXXXXXXXXXX           -E---N---D-           XXXXXXXXXXXXXXXXXXXXXX 
2019-07-10 13:32:54,949 INFO  [Log4j] **************************************************************************************** 
